===== Bienvenido a Madrid-Clima =====
Datos climatológicos guardados correctamente en clima-madrid-hoy.csv
Verificando archivo clima-madrid-hoy.csv a las Mon Aug 12 19:57:03 -05 2024
-rw-rw-r-- 1 alex alex 175 Aug 12 19:28 /home/alex/Arquitectura/CityWeather/clima-madrid-hoy.csv
===== Bienvenido a Madrid-Clima =====
Datos climatológicos guardados correctamente en clima-madrid-hoy.csv
Verificando archivo clima-madrid-hoy.csv a las Mon Aug 12 19:58:02 -05 2024
-rw-rw-r-- 1 alex alex 175 Aug 12 19:28 /home/alex/Arquitectura/CityWeather/clima-madrid-hoy.csv
===== Bienvenido a Madrid-Clima =====
Datos climatológicos guardados correctamente en clima-madrid-hoy.csv
Verificando archivo clima-madrid-hoy.csv a las Mon Aug 12 19:59:02 -05 2024
-rw-rw-r-- 1 alex alex 175 Aug 12 19:28 /home/alex/Arquitectura/CityWeather/clima-madrid-hoy.csv
  File "/home/alex/Arquitectura/CityWeather/main.py", line 9
    API5aaff267349d2a7221192614fe66c853_api_key"  # Reemplaza por tu API Key de OpenWeatherMap
                                               ^
SyntaxError: unterminated string literal (detected at line 9)
Verificando archivo clima-madrid-hoy.csv a las Mon Aug 12 20:00:02 -05 2024
-rw-rw-r-- 1 alex alex 175 Aug 12 19:28 /home/alex/Arquitectura/CityWeather/clima-madrid-hoy.csv
  File "/home/alex/Arquitectura/CityWeather/main.py", line 9
    API5aaff267349d2a7221192614fe66c853_api_key"  # Reemplaza por tu API Key de OpenWeatherMap
                                               ^
SyntaxError: unterminated string literal (detected at line 9)
Verificando archivo clima-madrid-hoy.csv a las Mon Aug 12 20:01:01 -05 2024
-rw-rw-r-- 1 alex alex 175 Aug 12 19:28 /home/alex/Arquitectura/CityWeather/clima-madrid-hoy.csv
===== Bienvenido a Madrid-Clima =====
Datos climatológicos guardados correctamente en clima-madrid-hoy.csv
Verificando archivo clima-madrid-hoy.csv a las Mon Aug 12 20:02:02 -05 2024
-rw-rw-r-- 1 alex alex 175 Aug 12 19:28 /home/alex/Arquitectura/CityWeather/clima-madrid-hoy.csv
===== Bienvenido a Madrid-Clima =====
Datos climatológicos guardados correctamente en clima-madrid-hoy.csv
Verificando archivo clima-madrid-hoy.csv a las Mon Aug 12 20:03:01 -05 2024
-rw-rw-r-- 1 alex alex 175 Aug 12 19:28 /home/alex/Arquitectura/CityWeather/clima-madrid-hoy.csv
===== Bienvenido a Madrid-Clima =====
Datos climatológicos guardados correctamente en clima-madrid-hoy.csv
Verificando archivo clima-madrid-hoy.csv a las Mon Aug 12 20:04:02 -05 2024
-rw-rw-r-- 1 alex alex 297 Aug 12 20:03 /home/alex/Arquitectura/CityWeather/clima-madrid-hoy.csv
===== Bienvenido a Madrid-Clima =====
Datos climatológicos guardados correctamente en clima-madrid-hoy.csv
Verificando archivo clima-madrid-hoy.csv a las Mon Aug 12 20:05:02 -05 2024
-rw-rw-r-- 1 alex alex 297 Aug 12 20:03 /home/alex/Arquitectura/CityWeather/clima-madrid-hoy.csv
===== Bienvenido a Madrid-Clima =====
Datos climatológicos guardados correctamente en /home/alex/Arquitectura/CityWeather/clima-madrid-hoy.csv
Verificando archivo clima-madrid-hoy.csv a las Mon Aug 12 20:06:01 -05 2024
-rw-rw-r-- 1 alex alex 337 Aug 12 20:06 /home/alex/Arquitectura/CityWeather/clima-madrid-hoy.csv
===== Bienvenido a Madrid-Clima =====
Datos climatológicos guardados correctamente en /home/alex/Arquitectura/CityWeather/clima-madrid-hoy.csv
Verificando archivo clima-madrid-hoy.csv a las Mon Aug 12 20:07:02 -05 2024
-rw-rw-r-- 1 alex alex 377 Aug 12 20:07 /home/alex/Arquitectura/CityWeather/clima-madrid-hoy.csv
===== Bienvenido a Madrid-Clima =====
Datos climatológicos guardados correctamente en /home/alex/Arquitectura/CityWeather/clima-madrid-hoy.csv
Verificando archivo clima-madrid-hoy.csv a las Mon Aug 12 20:10:01 -05 2024
-rw-rw-r-- 1 alex alex 417 Aug 12 20:10 /home/alex/Arquitectura/CityWeather/clima-madrid-hoy.csv
===== Bienvenido a Madrid-Clima =====
Datos climatológicos guardados correctamente en /home/alex/Arquitectura/CityWeather/clima-madrid-hoy.csv
Verificando archivo clima-madrid-hoy.csv a las Mon Aug 12 20:11:02 -05 2024
-rw-rw-r-- 1 alex alex 457 Aug 12 20:11 /home/alex/Arquitectura/CityWeather/clima-madrid-hoy.csv
===== Bienvenido a Madrid-Clima =====
Datos climatológicos guardados correctamente en /home/alex/Arquitectura/CityWeather/clima-madrid-hoy.csv
Verificando archivo clima-madrid-hoy.csv a las Mon Aug 12 20:12:01 -05 2024
-rw-rw-r-- 1 alex alex 497 Aug 12 20:12 /home/alex/Arquitectura/CityWeather/clima-madrid-hoy.csv
===== Bienvenido a Madrid-Clima =====
Datos climatológicos guardados correctamente en /home/alex/Arquitectura/CityWeather/clima-madrid-hoy.csv
Verificando archivo clima-madrid-hoy.csv a las Mon Aug 12 20:13:02 -05 2024
-rw-rw-r-- 1 alex alex 537 Aug 12 20:13 /home/alex/Arquitectura/CityWeather/clima-madrid-hoy.csv
===== Bienvenido a Madrid-Clima =====
Datos climatológicos guardados correctamente en /home/alex/Arquitectura/CityWeather/clima-madrid-hoy.csv
Verificando archivo clima-madrid-hoy.csv a las Mon Aug 12 20:14:02 -05 2024
-rw-rw-r-- 1 alex alex 577 Aug 12 20:14 /home/alex/Arquitectura/CityWeather/clima-madrid-hoy.csv
===== Bienvenido a Madrid-Clima =====
Datos climatológicos guardados correctamente en /home/alex/Arquitectura/CityWeather/clima-madrid-hoy.csv
Verificando archivo clima-madrid-hoy.csv a las Mon Aug 12 20:15:01 -05 2024
-rw-rw-r-- 1 alex alex 617 Aug 12 20:15 /home/alex/Arquitectura/CityWeather/clima-madrid-hoy.csv
===== Bienvenido a Madrid-Clima =====
Datos climatológicos guardados correctamente en /home/alex/Arquitectura/CityWeather/clima-madrid-hoy.csv
Verificando archivo clima-madrid-hoy.csv a las Mon Aug 12 20:16:02 -05 2024
-rw-rw-r-- 1 alex alex 657 Aug 12 20:16 /home/alex/Arquitectura/CityWeather/clima-madrid-hoy.csv
===== Bienvenido a Madrid-Clima =====
Datos climatológicos guardados correctamente en /home/alex/Arquitectura/CityWeather/clima-madrid-hoy.csv
Verificando archivo clima-madrid-hoy.csv a las Mon Aug 12 20:17:02 -05 2024
-rw-rw-r-- 1 alex alex 697 Aug 12 20:17 /home/alex/Arquitectura/CityWeather/clima-madrid-hoy.csv
===== Bienvenido a Madrid-Clima =====
Datos climatológicos guardados correctamente en /home/alex/Arquitectura/CityWeather/clima-madrid-hoy.csv
Verificando archivo clima-madrid-hoy.csv a las Mon Aug 12 20:18:01 -05 2024
-rw-rw-r-- 1 alex alex 737 Aug 12 20:18 /home/alex/Arquitectura/CityWeather/clima-madrid-hoy.csv
===== Bienvenido a Madrid-Clima =====
Datos climatológicos guardados correctamente en /home/alex/Arquitectura/CityWeather/clima-madrid-hoy.csv
Verificando archivo clima-madrid-hoy.csv a las Mon Aug 12 20:19:02 -05 2024
-rw-rw-r-- 1 alex alex 777 Aug 12 20:19 /home/alex/Arquitectura/CityWeather/clima-madrid-hoy.csv
===== Bienvenido a Madrid-Clima =====
Datos climatológicos guardados correctamente en /home/alex/Arquitectura/CityWeather/clima-madrid-hoy.csv
Verificando archivo clima-madrid-hoy.csv a las Mon Aug 12 20:20:02 -05 2024
-rw-rw-r-- 1 alex alex 817 Aug 12 20:20 /home/alex/Arquitectura/CityWeather/clima-madrid-hoy.csv
===== Bienvenido a Madrid-Clima =====
Datos climatológicos guardados correctamente en /home/alex/Arquitectura/CityWeather/clima-madrid-hoy.csv
Verificando archivo clima-madrid-hoy.csv a las Mon Aug 12 20:21:02 -05 2024
-rw-rw-r-- 1 alex alex 857 Aug 12 20:21 /home/alex/Arquitectura/CityWeather/clima-madrid-hoy.csv
===== Bienvenido a Madrid-Clima =====
Datos climatológicos guardados correctamente en /home/alex/Arquitectura/CityWeather/clima-madrid-hoy.csv
Verificando archivo clima-madrid-hoy.csv a las Mon Aug 12 20:22:02 -05 2024
-rw-rw-r-- 1 alex alex 897 Aug 12 20:22 /home/alex/Arquitectura/CityWeather/clima-madrid-hoy.csv
===== Bienvenido a Madrid-Clima =====
Datos climatológicos guardados correctamente en /home/alex/Arquitectura/CityWeather/clima-madrid-hoy.csv
Verificando archivo clima-madrid-hoy.csv a las Mon Aug 12 20:23:01 -05 2024
-rw-rw-r-- 1 alex alex 937 Aug 12 20:23 /home/alex/Arquitectura/CityWeather/clima-madrid-hoy.csv
===== Bienvenido a Madrid-Clima =====
Datos climatológicos guardados correctamente en /home/alex/Arquitectura/CityWeather/clima-madrid-hoy.csv
Verificando archivo clima-madrid-hoy.csv a las Mon Aug 12 20:24:02 -05 2024
-rw-rw-r-- 1 alex alex 977 Aug 12 20:24 /home/alex/Arquitectura/CityWeather/clima-madrid-hoy.csv
===== Bienvenido a Madrid-Clima =====
Datos climatológicos guardados correctamente en /home/alex/Arquitectura/CityWeather/clima-madrid-hoy.csv
Verificando archivo clima-madrid-hoy.csv a las Mon Aug 12 20:25:01 -05 2024
-rw-rw-r-- 1 alex alex 1017 Aug 12 20:25 /home/alex/Arquitectura/CityWeather/clima-madrid-hoy.csv
===== Bienvenido a Madrid-Clima =====
Datos climatológicos guardados correctamente en /home/alex/Arquitectura/CityWeather/clima-madrid-hoy.csv
Verificando archivo clima-madrid-hoy.csv a las Mon Aug 12 20:26:02 -05 2024
-rw-rw-r-- 1 alex alex 1057 Aug 12 20:26 /home/alex/Arquitectura/CityWeather/clima-madrid-hoy.csv
===== Bienvenido a Madrid-Clima =====
Datos climatológicos guardados correctamente en /home/alex/Arquitectura/CityWeather/clima-madrid-hoy.csv
Verificando archivo clima-madrid-hoy.csv a las Mon Aug 12 20:27:01 -05 2024
-rw-rw-r-- 1 alex alex 1097 Aug 12 20:27 /home/alex/Arquitectura/CityWeather/clima-madrid-hoy.csv
===== Bienvenido a Madrid-Clima =====
Datos climatológicos guardados correctamente en /home/alex/Arquitectura/CityWeather/clima-madrid-hoy.csv
Verificando archivo clima-madrid-hoy.csv a las Mon Aug 12 20:28:02 -05 2024
-rw-rw-r-- 1 alex alex 1137 Aug 12 20:28 /home/alex/Arquitectura/CityWeather/clima-madrid-hoy.csv
===== Bienvenido a Madrid-Clima =====
Datos climatológicos guardados correctamente en /home/alex/Arquitectura/CityWeather/clima-madrid-hoy.csv
Verificando archivo clima-madrid-hoy.csv a las Mon Aug 12 20:29:02 -05 2024
-rw-rw-r-- 1 alex alex 1177 Aug 12 20:29 /home/alex/Arquitectura/CityWeather/clima-madrid-hoy.csv
===== Bienvenido a Madrid-Clima =====
Datos climatológicos guardados correctamente en /home/alex/Arquitectura/CityWeather/clima-madrid-hoy.csv
Verificando archivo clima-madrid-hoy.csv a las Mon Aug 12 20:30:01 -05 2024
-rw-rw-r-- 1 alex alex 1217 Aug 12 20:30 /home/alex/Arquitectura/CityWeather/clima-madrid-hoy.csv
===== Bienvenido a Madrid-Clima =====
Datos climatológicos guardados correctamente en /home/alex/Arquitectura/CityWeather/clima-madrid-hoy.csv
Verificando archivo clima-madrid-hoy.csv a las Mon Aug 12 20:31:02 -05 2024
-rw-rw-r-- 1 alex alex 1257 Aug 12 20:31 /home/alex/Arquitectura/CityWeather/clima-madrid-hoy.csv
===== Bienvenido a Madrid-Clima =====
Datos climatológicos guardados correctamente en /home/alex/Arquitectura/CityWeather/clima-madrid-hoy.csv
Verificando archivo clima-madrid-hoy.csv a las Mon Aug 12 20:32:02 -05 2024
-rw-rw-r-- 1 alex alex 1297 Aug 12 20:32 /home/alex/Arquitectura/CityWeather/clima-madrid-hoy.csv
===== Bienvenido a Madrid-Clima =====
Datos climatológicos guardados correctamente en /home/alex/Arquitectura/CityWeather/clima-madrid-hoy.csv
Verificando archivo clima-madrid-hoy.csv a las Mon Aug 12 20:33:02 -05 2024
-rw-rw-r-- 1 alex alex 1457 Aug 12 20:33 /home/alex/Arquitectura/CityWeather/clima-madrid-hoy.csv
===== Bienvenido a Madrid-Clima =====
Datos climatológicos guardados correctamente en /home/alex/Arquitectura/CityWeather/clima-madrid-hoy.csv
Verificando archivo clima-madrid-hoy.csv a las Mon Aug 12 20:34:02 -05 2024
-rw-r--r-- 1 alex alex 160 Aug 12 20:34 /home/alex/Arquitectura/CityWeather/clima-madrid-hoy.csv
===== Bienvenido a Madrid-Clima =====
Datos climatológicos guardados correctamente en /home/alex/Arquitectura/CityWeather/clima-madrid-hoy.csv
Verificando archivo clima-madrid-hoy.csv a las Mon Aug 12 20:35:02 -05 2024
-rw-r--r-- 1 alex alex 320 Aug 12 20:35 /home/alex/Arquitectura/CityWeather/clima-madrid-hoy.csv
===== Bienvenido a Madrid-Clima =====
Datos climatológicos guardados correctamente en /home/alex/Arquitectura/CityWeather/clima-madrid-hoy.csv
Verificando archivo clima-madrid-hoy.csv a las Mon Aug 12 20:36:01 -05 2024
-rw-r--r-- 1 alex alex 480 Aug 12 20:36 /home/alex/Arquitectura/CityWeather/clima-madrid-hoy.csv
===== Bienvenido a Madrid-Clima =====
Datos climatológicos guardados correctamente en /home/alex/Arquitectura/CityWeather/clima-madrid-hoy.csv
Verificando archivo clima-madrid-hoy.csv a las Mon Aug 12 20:37:02 -05 2024
-rw-r--r-- 1 alex alex 175 Aug 12 20:37 /home/alex/Arquitectura/CityWeather/clima-madrid-hoy.csv
===== Bienvenido a Madrid-Clima =====
Datos climatológicos guardados correctamente en /home/alex/Arquitectura/CityWeather/clima-madrid-hoy.csv
Verificando archivo clima-madrid-hoy.csv a las Mon Aug 12 20:38:01 -05 2024
-rw-r--r-- 1 alex alex 350 Aug 12 20:38 /home/alex/Arquitectura/CityWeather/clima-madrid-hoy.csv
===== Bienvenido a Madrid-Clima =====
Datos climatológicos guardados correctamente en /home/alex/Arquitectura/CityWeather/clima-madrid-hoy.csv
Verificando archivo clima-madrid-hoy.csv a las Mon Aug 12 20:39:02 -05 2024
-rw-r--r-- 1 alex alex 525 Aug 12 20:39 /home/alex/Arquitectura/CityWeather/clima-madrid-hoy.csv
===== Bienvenido a Madrid-Clima =====
Datos climatológicos guardados correctamente en /home/alex/Arquitectura/CityWeather/clima-madrid-hoy.csv
Verificando archivo clima-madrid-hoy.csv a las Mon Aug 12 20:40:02 -05 2024
-rw-r--r-- 1 alex alex 700 Aug 12 20:40 /home/alex/Arquitectura/CityWeather/clima-madrid-hoy.csv
===== Bienvenido a Madrid-Clima =====
Datos climatológicos guardados correctamente en /home/alex/Arquitectura/CityWeather/clima-madrid-hoy.csv
Verificando archivo clima-madrid-hoy.csv a las Mon Aug 12 20:41:01 -05 2024
-rw-r--r-- 1 alex alex 875 Aug 12 20:41 /home/alex/Arquitectura/CityWeather/clima-madrid-hoy.csv
===== Bienvenido a Madrid-Clima =====
Datos climatológicos guardados correctamente en /home/alex/Arquitectura/CityWeather/clima-madrid-hoy.csv
Verificando archivo clima-madrid-hoy.csv a las Mon Aug 12 20:42:02 -05 2024
-rw-r--r-- 1 alex alex 178 Aug 12 20:42 /home/alex/Arquitectura/CityWeather/clima-madrid-hoy.csv
===== Bienvenido a Madrid-Clima =====
Datos climatológicos guardados correctamente en /home/alex/Arquitectura/CityWeather/clima-madrid-hoy.csv
Verificando archivo clima-madrid-hoy.csv a las Mon Aug 12 20:43:02 -05 2024
-rw-r--r-- 1 alex alex 356 Aug 12 20:43 /home/alex/Arquitectura/CityWeather/clima-madrid-hoy.csv
===== Bienvenido a Madrid-Clima =====
Datos climatológicos guardados correctamente en /home/alex/Arquitectura/CityWeather/clima-madrid-hoy.csv
Verificando archivo clima-madrid-hoy.csv a las Mon Aug 12 20:44:01 -05 2024
-rw-r--r-- 1 alex alex 531 Aug 12 20:44 /home/alex/Arquitectura/CityWeather/clima-madrid-hoy.csv
===== Bienvenido a Madrid-Clima =====
Datos climatológicos guardados correctamente en /home/alex/Arquitectura/CityWeather/clima-madrid-hoy.csv
Verificando archivo clima-madrid-hoy.csv a las Mon Aug 12 20:45:02 -05 2024
-rw-rw-r-- 1 alex alex 474 Aug 12 20:45 /home/alex/Arquitectura/CityWeather/clima-madrid-hoy.csv
===== Bienvenido a Madrid-Clima =====
Datos climatológicos guardados correctamente en /home/alex/Arquitectura/CityWeather/clima-madrid-hoy.csv
Verificando archivo clima-madrid-hoy.csv a las Mon Aug 12 20:46:02 -05 2024
-rw-rw-r-- 1 alex alex 658 Aug 12 20:46 /home/alex/Arquitectura/CityWeather/clima-madrid-hoy.csv
===== Bienvenido a Madrid-Clima =====
Datos climatológicos guardados correctamente en /home/alex/Arquitectura/CityWeather/clima-madrid-hoy.csv
Verificando archivo clima-madrid-hoy.csv a las Mon Aug 12 20:47:01 -05 2024
-rw-rw-r-- 1 alex alex 842 Aug 12 20:47 /home/alex/Arquitectura/CityWeather/clima-madrid-hoy.csv
===== Bienvenido a Madrid-Clima =====
Datos climatológicos guardados correctamente en /home/alex/Arquitectura/CityWeather/clima-madrid-hoy.csv
Verificando archivo clima-madrid-hoy.csv a las Mon Aug 12 20:48:02 -05 2024
-rw-rw-r-- 1 alex alex 1026 Aug 12 20:48 /home/alex/Arquitectura/CityWeather/clima-madrid-hoy.csv
===== Bienvenido a Madrid-Clima =====
Datos climatológicos guardados correctamente en /home/alex/Arquitectura/CityWeather/clima-madrid-hoy.csv
Verificando archivo clima-madrid-hoy.csv a las Mon Aug 12 20:49:01 -05 2024
-rw-rw-r-- 1 alex alex 1212 Aug 12 20:49 /home/alex/Arquitectura/CityWeather/clima-madrid-hoy.csv
===== Bienvenido a Madrid-Clima =====
Datos climatológicos guardados correctamente en /home/alex/Arquitectura/CityWeather/clima-madrid-hoy.csv
Verificando archivo clima-madrid-hoy.csv a las Mon Aug 12 20:50:02 -05 2024
-rw-rw-r-- 1 alex alex 1398 Aug 12 20:50 /home/alex/Arquitectura/CityWeather/clima-madrid-hoy.csv
===== Bienvenido a Madrid-Clima =====
Datos climatológicos guardados correctamente en /home/alex/Arquitectura/CityWeather/clima-madrid-hoy.csv
Verificando archivo clima-madrid-hoy.csv a las Mon Aug 12 20:51:02 -05 2024
-rw-rw-r-- 1 alex alex 1584 Aug 12 20:51 /home/alex/Arquitectura/CityWeather/clima-madrid-hoy.csv
===== Bienvenido a Madrid-Clima =====
Datos climatológicos guardados correctamente en /home/alex/Arquitectura/CityWeather/clima-madrid-hoy.csv
Verificando archivo clima-madrid-hoy.csv a las Mon Aug 12 20:52:01 -05 2024
-rw-rw-r-- 1 alex alex 1770 Aug 12 20:52 /home/alex/Arquitectura/CityWeather/clima-madrid-hoy.csv
===== Bienvenido a Madrid-Clima =====
Datos climatológicos guardados correctamente en /home/alex/Arquitectura/CityWeather/clima-madrid-hoy.csv
Verificando archivo clima-madrid-hoy.csv a las Mon Aug 12 20:53:02 -05 2024
-rw-rw-r-- 1 alex alex 1956 Aug 12 20:53 /home/alex/Arquitectura/CityWeather/clima-madrid-hoy.csv
===== Bienvenido a Madrid-Clima =====
Datos climatológicos guardados correctamente en /home/alex/Arquitectura/CityWeather/clima-madrid-hoy.csv
Verificando archivo clima-madrid-hoy.csv a las Mon Aug 12 20:54:01 -05 2024
-rw-rw-r-- 1 alex alex 2143 Aug 12 20:54 /home/alex/Arquitectura/CityWeather/clima-madrid-hoy.csv
===== Bienvenido a Madrid-Clima =====
Datos climatológicos guardados correctamente en /home/alex/Arquitectura/CityWeather/clima-madrid-hoy.csv
Verificando archivo clima-madrid-hoy.csv a las Mon Aug 12 20:55:02 -05 2024
-rw-rw-r-- 1 alex alex 2330 Aug 12 20:55 /home/alex/Arquitectura/CityWeather/clima-madrid-hoy.csv
===== Bienvenido a Madrid-Clima =====
Datos climatológicos guardados correctamente en /home/alex/Arquitectura/CityWeather/clima-madrid-hoy.csv
Verificando archivo clima-madrid-hoy.csv a las Mon Aug 12 20:56:03 -05 2024
-rw-rw-r-- 1 alex alex 2517 Aug 12 20:56 /home/alex/Arquitectura/CityWeather/clima-madrid-hoy.csv
===== Bienvenido a Madrid-Clima =====
Datos climatológicos guardados correctamente en /home/alex/Arquitectura/CityWeather/clima-madrid-hoy.csv
Verificando archivo clima-madrid-hoy.csv a las Mon Aug 12 20:57:02 -05 2024
-rw-rw-r-- 1 alex alex 2704 Aug 12 20:57 /home/alex/Arquitectura/CityWeather/clima-madrid-hoy.csv
===== Bienvenido a Madrid-Clima =====
Datos climatológicos guardados correctamente en /home/alex/Arquitectura/CityWeather/clima-madrid-hoy.csv
Verificando archivo clima-madrid-hoy.csv a las Mon Aug 12 20:58:01 -05 2024
-rw-rw-r-- 1 alex alex 2891 Aug 12 20:58 /home/alex/Arquitectura/CityWeather/clima-madrid-hoy.csv
===== Bienvenido a Madrid-Clima =====
Datos climatológicos guardados correctamente en /home/alex/Arquitectura/CityWeather/clima-madrid-hoy.csv
Verificando archivo clima-madrid-hoy.csv a las Mon Aug 12 20:59:02 -05 2024
-rw-rw-r-- 1 alex alex 3078 Aug 12 20:59 /home/alex/Arquitectura/CityWeather/clima-madrid-hoy.csv
===== Bienvenido a Madrid-Clima =====
Datos climatológicos guardados correctamente en /home/alex/Arquitectura/CityWeather/clima-madrid-hoy.csv
Verificando archivo clima-madrid-hoy.csv a las Mon Aug 12 21:00:03 -05 2024
-rw-rw-r-- 1 alex alex 3265 Aug 12 21:00 /home/alex/Arquitectura/CityWeather/clima-madrid-hoy.csv
===== Bienvenido a Madrid-Clima =====
Datos climatológicos guardados correctamente en /home/alex/Arquitectura/CityWeather/clima-madrid-hoy.csv
Verificando archivo clima-madrid-hoy.csv a las Mon Aug 12 21:01:01 -05 2024
-rw-rw-r-- 1 alex alex 3452 Aug 12 21:01 /home/alex/Arquitectura/CityWeather/clima-madrid-hoy.csv
===== Bienvenido a Madrid-Clima =====
Datos climatológicos guardados correctamente en /home/alex/Arquitectura/CityWeather/clima-madrid-hoy.csv
Verificando archivo clima-madrid-hoy.csv a las Mon Aug 12 21:02:02 -05 2024
-rw-rw-r-- 1 alex alex 3639 Aug 12 21:02 /home/alex/Arquitectura/CityWeather/clima-madrid-hoy.csv
===== Bienvenido a Madrid-Clima =====
Datos climatológicos guardados correctamente en /home/alex/Arquitectura/CityWeather/clima-madrid-hoy.csv
Verificando archivo clima-madrid-hoy.csv a las Mon Aug 12 21:03:01 -05 2024
-rw-rw-r-- 1 alex alex 3826 Aug 12 21:03 /home/alex/Arquitectura/CityWeather/clima-madrid-hoy.csv
===== Bienvenido a Madrid-Clima =====
Datos climatológicos guardados correctamente en /home/alex/Arquitectura/CityWeather/clima-madrid-hoy.csv
Verificando archivo clima-madrid-hoy.csv a las Mon Aug 12 21:04:02 -05 2024
-rw-rw-r-- 1 alex alex 4013 Aug 12 21:04 /home/alex/Arquitectura/CityWeather/clima-madrid-hoy.csv
===== Bienvenido a Madrid-Clima =====
Datos climatológicos guardados correctamente en /home/alex/Arquitectura/CityWeather/clima-madrid-hoy.csv
Verificando archivo clima-madrid-hoy.csv a las Mon Aug 12 21:05:02 -05 2024
-rw-rw-r-- 1 alex alex 4200 Aug 12 21:05 /home/alex/Arquitectura/CityWeather/clima-madrid-hoy.csv
===== Bienvenido a Madrid-Clima =====
Datos climatológicos guardados correctamente en /home/alex/Arquitectura/CityWeather/clima-madrid-hoy.csv
Verificando archivo clima-madrid-hoy.csv a las Mon Aug 12 21:06:01 -05 2024
-rw-rw-r-- 1 alex alex 4387 Aug 12 21:06 /home/alex/Arquitectura/CityWeather/clima-madrid-hoy.csv
===== Bienvenido a Madrid-Clima =====
Datos climatológicos guardados correctamente en /home/alex/Arquitectura/CityWeather/clima-madrid-hoy.csv
Verificando archivo clima-madrid-hoy.csv a las Mon Aug 12 21:07:02 -05 2024
-rw-rw-r-- 1 alex alex 4574 Aug 12 21:07 /home/alex/Arquitectura/CityWeather/clima-madrid-hoy.csv
===== Bienvenido a Madrid-Clima =====
Datos climatológicos guardados correctamente en /home/alex/Arquitectura/CityWeather/clima-madrid-hoy.csv
Verificando archivo clima-madrid-hoy.csv a las Mon Aug 12 21:08:01 -05 2024
-rw-rw-r-- 1 alex alex 4761 Aug 12 21:08 /home/alex/Arquitectura/CityWeather/clima-madrid-hoy.csv
===== Bienvenido a Madrid-Clima =====
Datos climatológicos guardados correctamente en /home/alex/Arquitectura/CityWeather/clima-madrid-hoy.csv
Verificando archivo clima-madrid-hoy.csv a las Mon Aug 12 21:09:02 -05 2024
-rw-rw-r-- 1 alex alex 4948 Aug 12 21:09 /home/alex/Arquitectura/CityWeather/clima-madrid-hoy.csv
===== Bienvenido a Madrid-Clima =====
Datos climatológicos guardados correctamente en /home/alex/Arquitectura/CityWeather/clima-madrid-hoy.csv
Verificando archivo clima-madrid-hoy.csv a las Mon Aug 12 21:10:02 -05 2024
-rw-rw-r-- 1 alex alex 5135 Aug 12 21:10 /home/alex/Arquitectura/CityWeather/clima-madrid-hoy.csv
===== Bienvenido a Madrid-Clima =====
Datos climatológicos guardados correctamente en /home/alex/Arquitectura/CityWeather/clima-madrid-hoy.csv
Verificando archivo clima-madrid-hoy.csv a las Mon Aug 12 21:11:01 -05 2024
-rw-rw-r-- 1 alex alex 5322 Aug 12 21:11 /home/alex/Arquitectura/CityWeather/clima-madrid-hoy.csv
===== Bienvenido a Madrid-Clima =====
Datos climatológicos guardados correctamente en /home/alex/Arquitectura/CityWeather/clima-madrid-hoy.csv
Verificando archivo clima-madrid-hoy.csv a las Mon Aug 12 21:12:02 -05 2024
-rw-rw-r-- 1 alex alex 5509 Aug 12 21:12 /home/alex/Arquitectura/CityWeather/clima-madrid-hoy.csv
===== Bienvenido a Madrid-Clima =====
Datos climatológicos guardados correctamente en /home/alex/Arquitectura/CityWeather/clima-madrid-hoy.csv
Verificando archivo clima-madrid-hoy.csv a las Mon Aug 12 21:13:01 -05 2024
-rw-rw-r-- 1 alex alex 5696 Aug 12 21:13 /home/alex/Arquitectura/CityWeather/clima-madrid-hoy.csv
===== Bienvenido a Madrid-Clima =====
Datos climatológicos guardados correctamente en /home/alex/Arquitectura/CityWeather/clima-madrid-hoy.csv
Verificando archivo clima-madrid-hoy.csv a las Mon Aug 12 21:14:02 -05 2024
-rw-rw-r-- 1 alex alex 5883 Aug 12 21:14 /home/alex/Arquitectura/CityWeather/clima-madrid-hoy.csv
===== Bienvenido a Madrid-Clima =====
Datos climatológicos guardados correctamente en /home/alex/Arquitectura/CityWeather/clima-madrid-hoy.csv
Verificando archivo clima-madrid-hoy.csv a las Mon Aug 12 21:15:02 -05 2024
-rw-rw-r-- 1 alex alex 6070 Aug 12 21:15 /home/alex/Arquitectura/CityWeather/clima-madrid-hoy.csv
===== Bienvenido a Madrid-Clima =====
Datos climatológicos guardados correctamente en /home/alex/Arquitectura/CityWeather/clima-madrid-hoy.csv
Verificando archivo clima-madrid-hoy.csv a las Mon Aug 12 21:16:01 -05 2024
-rw-rw-r-- 1 alex alex 6257 Aug 12 21:16 /home/alex/Arquitectura/CityWeather/clima-madrid-hoy.csv
===== Bienvenido a Madrid-Clima =====
Datos climatológicos guardados correctamente en /home/alex/Arquitectura/CityWeather/clima-madrid-hoy.csv
Verificando archivo clima-madrid-hoy.csv a las Mon Aug 12 21:17:02 -05 2024
-rw-rw-r-- 1 alex alex 6444 Aug 12 21:17 /home/alex/Arquitectura/CityWeather/clima-madrid-hoy.csv
===== Bienvenido a Madrid-Clima =====
Datos climatológicos guardados correctamente en /home/alex/Arquitectura/CityWeather/clima-madrid-hoy.csv
Verificando archivo clima-madrid-hoy.csv a las Mon Aug 12 21:18:02 -05 2024
-rw-rw-r-- 1 alex alex 6631 Aug 12 21:18 /home/alex/Arquitectura/CityWeather/clima-madrid-hoy.csv
===== Bienvenido a Madrid-Clima =====
Datos climatológicos guardados correctamente en /home/alex/Arquitectura/CityWeather/clima-madrid-hoy.csv
Verificando archivo clima-madrid-hoy.csv a las Mon Aug 12 21:19:01 -05 2024
-rw-rw-r-- 1 alex alex 6818 Aug 12 21:19 /home/alex/Arquitectura/CityWeather/clima-madrid-hoy.csv
===== Bienvenido a Madrid-Clima =====
Datos climatológicos guardados correctamente en /home/alex/Arquitectura/CityWeather/clima-madrid-hoy.csv
Verificando archivo clima-madrid-hoy.csv a las Mon Aug 12 21:20:02 -05 2024
-rw-rw-r-- 1 alex alex 7002 Aug 12 21:20 /home/alex/Arquitectura/CityWeather/clima-madrid-hoy.csv
===== Bienvenido a Madrid-Clima =====
Datos climatológicos guardados correctamente en /home/alex/Arquitectura/CityWeather/clima-madrid-hoy.csv
Verificando archivo clima-madrid-hoy.csv a las Mon Aug 12 21:21:01 -05 2024
-rw-rw-r-- 1 alex alex 7189 Aug 12 21:21 /home/alex/Arquitectura/CityWeather/clima-madrid-hoy.csv
===== Bienvenido a Madrid-Clima =====
Datos climatológicos guardados correctamente en /home/alex/Arquitectura/CityWeather/clima-madrid-hoy.csv
Verificando archivo clima-madrid-hoy.csv a las Mon Aug 12 21:22:02 -05 2024
-rw-rw-r-- 1 alex alex 7376 Aug 12 21:22 /home/alex/Arquitectura/CityWeather/clima-madrid-hoy.csv
===== Bienvenido a Madrid-Clima =====
Datos climatológicos guardados correctamente en /home/alex/Arquitectura/CityWeather/clima-madrid-hoy.csv
Verificando archivo clima-madrid-hoy.csv a las Mon Aug 12 21:23:02 -05 2024
-rw-rw-r-- 1 alex alex 7563 Aug 12 21:23 /home/alex/Arquitectura/CityWeather/clima-madrid-hoy.csv
===== Bienvenido a Madrid-Clima =====
Datos climatológicos guardados correctamente en /home/alex/Arquitectura/CityWeather/clima-madrid-hoy.csv
Verificando archivo clima-madrid-hoy.csv a las Mon Aug 12 21:30:01 -05 2024
-rw-rw-r-- 1 alex alex 7750 Aug 12 21:30 /home/alex/Arquitectura/CityWeather/clima-madrid-hoy.csv
===== Bienvenido a Madrid-Clima =====
Datos climatológicos guardados correctamente en /home/alex/Arquitectura/CityWeather/clima-madrid-hoy.csv
Verificando archivo clima-madrid-hoy.csv a las Mon Aug 12 21:45:02 -05 2024
-rw-rw-r-- 1 alex alex 7937 Aug 12 21:45 /home/alex/Arquitectura/CityWeather/clima-madrid-hoy.csv
===== Bienvenido a Madrid-Clima =====
Datos climatológicos guardados correctamente en /home/alex/Arquitectura/CityWeather/clima-madrid-hoy.csv
Verificando archivo clima-madrid-hoy.csv a las Mon Aug 12 22:00:01 -05 2024
-rw-rw-r-- 1 alex alex 8123 Aug 12 22:00 /home/alex/Arquitectura/CityWeather/clima-madrid-hoy.csv
===== Bienvenido a Madrid-Clima =====
Datos climatológicos guardados correctamente en /home/alex/Arquitectura/CityWeather/clima-madrid-hoy.csv
Verificando archivo clima-madrid-hoy.csv a las Mon Aug 12 22:15:02 -05 2024
-rw-rw-r-- 1 alex alex 8309 Aug 12 22:15 /home/alex/Arquitectura/CityWeather/clima-madrid-hoy.csv
===== Bienvenido a Madrid-Clima =====
Datos climatológicos guardados correctamente en /home/alex/Arquitectura/CityWeather/clima-madrid-hoy.csv
Verificando archivo clima-madrid-hoy.csv a las Mon Aug 12 22:30:02 -05 2024
-rw-rw-r-- 1 alex alex 8497 Aug 12 22:30 /home/alex/Arquitectura/CityWeather/clima-madrid-hoy.csv
===== Bienvenido a Madrid-Clima =====
Datos climatológicos guardados correctamente en /home/alex/Arquitectura/CityWeather/clima-madrid-hoy.csv
Verificando archivo clima-madrid-hoy.csv a las Mon Aug 12 22:45:01 -05 2024
-rw-rw-r-- 1 alex alex 8682 Aug 12 22:45 /home/alex/Arquitectura/CityWeather/clima-madrid-hoy.csv
===== Bienvenido a Madrid-Clima =====
Datos climatológicos guardados correctamente en /home/alex/Arquitectura/CityWeather/clima-madrid-hoy.csv
Verificando archivo clima-madrid-hoy.csv a las Mon Aug 12 23:00:02 -05 2024
-rw-rw-r-- 1 alex alex 8867 Aug 12 23:00 /home/alex/Arquitectura/CityWeather/clima-madrid-hoy.csv
===== Bienvenido a Madrid-Clima =====
Datos climatológicos guardados correctamente en /home/alex/Arquitectura/CityWeather/clima-madrid-hoy.csv
Verificando archivo clima-madrid-hoy.csv a las Mon Aug 12 23:15:02 -05 2024
-rw-rw-r-- 1 alex alex 9048 Aug 12 23:15 /home/alex/Arquitectura/CityWeather/clima-madrid-hoy.csv
===== Bienvenido a Madrid-Clima =====
Datos climatológicos guardados correctamente en /home/jorge_torres/Alex/clima-madrid-hoy.csv
/home/jorge_torres/Alex/get-weather.sh: line 13: /home/alex/Arquitectura/CityWeather/output.log: No such file or directory
-rw-r--r-- 1 jorge_torres jorge_torres 9432 Aug 13 09:53 /home/jorge_torres/Alex/clima-madrid-hoy.csv
===== Bienvenido a Madrid-Clima =====
Datos climatológicos guardados correctamente en /home/jorge_torres/Alex/clima-madrid-hoy.csv
/home/jorge_torres/Alex/get-weather.sh: line 13: /home/alex/Arquitectura/CityWeather/output.log: No such file or directory
-rw-r--r-- 1 jorge_torres jorge_torres 9618 Aug 13 09:55 /home/jorge_torres/Alex/clima-madrid-hoy.csv
===== Bienvenido a Madrid-Clima =====
Datos climatológicos guardados correctamente en /home/jorge_torres/Alex/clima-madrid-hoy.csv
/home/jorge_torres/Alex/get-weather.sh: line 13: /home/alex/Arquitectura/CityWeather/output.log: No such file or directory
-rw-r--r-- 1 jorge_torres jorge_torres 9804 Aug 13 09:56 /home/jorge_torres/Alex/clima-madrid-hoy.csv
===== Bienvenido a Madrid-Clima =====
Datos climatológicos guardados correctamente en /home/jorge_torres/Alex/clima-madrid-hoy.csv
/home/jorge_torres/Alex/get-weather.sh: line 13: /home/alex/Arquitectura/CityWeather/output.log: No such file or directory
-rw-r--r-- 1 jorge_torres jorge_torres 9990 Aug 13 09:57 /home/jorge_torres/Alex/clima-madrid-hoy.csv
===== Bienvenido a Madrid-Clima =====
Datos climatológicos guardados correctamente en /home/jorge_torres/Alex/clima-madrid-hoy.csv
/home/jorge_torres/Alex/get-weather.sh: line 13: /home/alex/Arquitectura/CityWeather/output.log: No such file or directory
-rw-r--r-- 1 jorge_torres jorge_torres 10176 Aug 13 09:58 /home/jorge_torres/Alex/clima-madrid-hoy.csv
===== Bienvenido a Madrid-Clima =====
Datos climatológicos guardados correctamente en /home/jorge_torres/Alex/clima-madrid-hoy.csv
/home/jorge_torres/Alex/get-weather.sh: line 13: /home/alex/Arquitectura/CityWeather/output.log: No such file or directory
-rw-r--r-- 1 jorge_torres jorge_torres 10362 Aug 13 09:59 /home/jorge_torres/Alex/clima-madrid-hoy.csv
===== Bienvenido a Madrid-Clima =====
Datos climatológicos guardados correctamente en /home/jorge_torres/Alex/clima-madrid-hoy.csv
/home/jorge_torres/Alex/get-weather.sh: line 13: /home/alex/Arquitectura/CityWeather/output.log: No such file or directory
-rw-r--r-- 1 jorge_torres jorge_torres 10548 Aug 13 10:00 /home/jorge_torres/Alex/clima-madrid-hoy.csv
===== Bienvenido a Madrid-Clima =====
Datos climatológicos guardados correctamente en /home/jorge_torres/Alex/clima-madrid-hoy.csv
/home/jorge_torres/Alex/get-weather.sh: line 13: /home/alex/Arquitectura/CityWeather/output.log: No such file or directory
-rw-r--r-- 1 jorge_torres jorge_torres 10734 Aug 13 10:01 /home/jorge_torres/Alex/clima-madrid-hoy.csv
===== Bienvenido a Madrid-Clima =====
Datos climatológicos guardados correctamente en /home/jorge_torres/Alex/clima-madrid-hoy.csv
/home/jorge_torres/Alex/get-weather.sh: line 13: /home/alex/Arquitectura/CityWeather/output.log: No such file or directory
-rw-r--r-- 1 jorge_torres jorge_torres 10920 Aug 13 10:02 /home/jorge_torres/Alex/clima-madrid-hoy.csv
===== Bienvenido a Madrid-Clima =====
Datos climatológicos guardados correctamente en /home/jorge_torres/Alex/clima-madrid-hoy.csv
/home/jorge_torres/Alex/get-weather.sh: line 13: /home/alex/Arquitectura/CityWeather/output.log: No such file or directory
-rw-r--r-- 1 jorge_torres jorge_torres 11106 Aug 13 10:03 /home/jorge_torres/Alex/clima-madrid-hoy.csv
===== Bienvenido a Madrid-Clima =====
Datos climatológicos guardados correctamente en /home/jorge_torres/Alex/clima-madrid-hoy.csv
/home/jorge_torres/Alex/get-weather.sh: line 13: /home/alex/Arquitectura/CityWeather/output.log: No such file or directory
-rw-r--r-- 1 jorge_torres jorge_torres 11292 Aug 13 10:04 /home/jorge_torres/Alex/clima-madrid-hoy.csv
===== Bienvenido a Madrid-Clima =====
Datos climatológicos guardados correctamente en /home/jorge_torres/Alex/clima-madrid-hoy.csv
/home/jorge_torres/Alex/get-weather.sh: line 13: /home/alex/Arquitectura/CityWeather/output.log: No such file or directory
-rw-r--r-- 1 jorge_torres jorge_torres 11478 Aug 13 10:05 /home/jorge_torres/Alex/clima-madrid-hoy.csv
===== Bienvenido a Madrid-Clima =====
Datos climatológicos guardados correctamente en /home/jorge_torres/Alex/clima-madrid-hoy.csv
/home/jorge_torres/Alex/get-weather.sh: line 13: /home/alex/Arquitectura/CityWeather/output.log: No such file or directory
-rw-r--r-- 1 jorge_torres jorge_torres 11664 Aug 13 10:06 /home/jorge_torres/Alex/clima-madrid-hoy.csv
===== Bienvenido a Madrid-Clima =====
Datos climatológicos guardados correctamente en /home/jorge_torres/Alex/clima-madrid-hoy.csv
/home/jorge_torres/Alex/get-weather.sh: line 13: /home/alex/Arquitectura/CityWeather/output.log: No such file or directory
-rw-r--r-- 1 jorge_torres jorge_torres 11850 Aug 13 10:07 /home/jorge_torres/Alex/clima-madrid-hoy.csv
===== Bienvenido a Madrid-Clima =====
Datos climatológicos guardados correctamente en /home/jorge_torres/Alex/clima-madrid-hoy.csv
/home/jorge_torres/Alex/get-weather.sh: line 13: /home/alex/Arquitectura/CityWeather/output.log: No such file or directory
-rw-r--r-- 1 jorge_torres jorge_torres 12048 Aug 13 10:08 /home/jorge_torres/Alex/clima-madrid-hoy.csv
===== Bienvenido a Madrid-Clima =====
Datos climatológicos guardados correctamente en /home/jorge_torres/Alex/clima-madrid-hoy.csv
/home/jorge_torres/Alex/get-weather.sh: line 13: /home/alex/Arquitectura/CityWeather/output.log: No such file or directory
-rw-r--r-- 1 jorge_torres jorge_torres 12246 Aug 13 10:09 /home/jorge_torres/Alex/clima-madrid-hoy.csv
===== Bienvenido a Madrid-Clima =====
Datos climatológicos guardados correctamente en /home/jorge_torres/Alex/clima-madrid-hoy.csv
/home/jorge_torres/Alex/get-weather.sh: line 13: /home/alex/Arquitectura/CityWeather/output.log: No such file or directory
-rw-r--r-- 1 jorge_torres jorge_torres 12444 Aug 13 10:10 /home/jorge_torres/Alex/clima-madrid-hoy.csv
===== Bienvenido a Madrid-Clima =====
Datos climatológicos guardados correctamente en /home/jorge_torres/Alex/clima-madrid-hoy.csv
/home/jorge_torres/Alex/get-weather.sh: line 13: /home/alex/Arquitectura/CityWeather/output.log: No such file or directory
-rw-r--r-- 1 jorge_torres jorge_torres 12642 Aug 13 10:11 /home/jorge_torres/Alex/clima-madrid-hoy.csv
===== Bienvenido a Madrid-Clima =====
Datos climatológicos guardados correctamente en /home/jorge_torres/Alex/clima-madrid-hoy.csv
/home/jorge_torres/Alex/get-weather.sh: line 13: /home/alex/Arquitectura/CityWeather/output.log: No such file or directory
-rw-r--r-- 1 jorge_torres jorge_torres 12840 Aug 13 10:12 /home/jorge_torres/Alex/clima-madrid-hoy.csv
===== Bienvenido a Madrid-Clima =====
Datos climatológicos guardados correctamente en /home/jorge_torres/Alex/clima-madrid-hoy.csv
/home/jorge_torres/Alex/get-weather.sh: line 13: /home/alex/Arquitectura/CityWeather/output.log: No such file or directory
-rw-r--r-- 1 jorge_torres jorge_torres 13038 Aug 13 10:13 /home/jorge_torres/Alex/clima-madrid-hoy.csv
===== Bienvenido a Madrid-Clima =====
Datos climatológicos guardados correctamente en /home/jorge_torres/Alex/clima-madrid-hoy.csv
/home/jorge_torres/Alex/get-weather.sh: line 13: /home/alex/Arquitectura/CityWeather/output.log: No such file or directory
-rw-r--r-- 1 jorge_torres jorge_torres 13236 Aug 13 10:14 /home/jorge_torres/Alex/clima-madrid-hoy.csv
===== Bienvenido a Madrid-Clima =====
Datos climatológicos guardados correctamente en /home/jorge_torres/Alex/clima-madrid-hoy.csv
/home/jorge_torres/Alex/get-weather.sh: line 13: /home/alex/Arquitectura/CityWeather/output.log: No such file or directory
-rw-r--r-- 1 jorge_torres jorge_torres 13434 Aug 13 10:15 /home/jorge_torres/Alex/clima-madrid-hoy.csv
===== Bienvenido a Madrid-Clima =====
Datos climatológicos guardados correctamente en /home/jorge_torres/Alex/clima-madrid-hoy.csv
/home/jorge_torres/Alex/get-weather.sh: line 13: /home/alex/Arquitectura/CityWeather/output.log: No such file or directory
-rw-r--r-- 1 jorge_torres jorge_torres 13632 Aug 13 10:16 /home/jorge_torres/Alex/clima-madrid-hoy.csv
===== Bienvenido a Madrid-Clima =====
Datos climatológicos guardados correctamente en /home/jorge_torres/Alex/clima-madrid-hoy.csv
/home/jorge_torres/Alex/get-weather.sh: line 13: /home/alex/Arquitectura/CityWeather/output.log: No such file or directory
-rw-r--r-- 1 jorge_torres jorge_torres 13818 Aug 13 10:17 /home/jorge_torres/Alex/clima-madrid-hoy.csv
===== Bienvenido a Madrid-Clima =====
Datos climatológicos guardados correctamente en /home/jorge_torres/Alex/clima-madrid-hoy.csv
/home/jorge_torres/Alex/get-weather.sh: line 13: /home/alex/Arquitectura/CityWeather/output.log: No such file or directory
-rw-r--r-- 1 jorge_torres jorge_torres 14004 Aug 13 10:18 /home/jorge_torres/Alex/clima-madrid-hoy.csv
===== Bienvenido a Madrid-Clima =====
Datos climatológicos guardados correctamente en /home/jorge_torres/Alex/clima-madrid-hoy.csv
/home/jorge_torres/Alex/get-weather.sh: line 13: /home/alex/Arquitectura/CityWeather/output.log: No such file or directory
-rw-r--r-- 1 jorge_torres jorge_torres 14190 Aug 13 10:19 /home/jorge_torres/Alex/clima-madrid-hoy.csv
===== Bienvenido a Madrid-Clima =====
Datos climatológicos guardados correctamente en /home/jorge_torres/Alex/clima-madrid-hoy.csv
/home/jorge_torres/Alex/get-weather.sh: line 13: /home/alex/Arquitectura/CityWeather/output.log: No such file or directory
-rw-r--r-- 1 jorge_torres jorge_torres 14376 Aug 13 10:20 /home/jorge_torres/Alex/clima-madrid-hoy.csv
===== Bienvenido a Madrid-Clima =====
Datos climatológicos guardados correctamente en /home/jorge_torres/Alex/clima-madrid-hoy.csv
/home/jorge_torres/Alex/get-weather.sh: line 13: /home/alex/Arquitectura/CityWeather/output.log: No such file or directory
-rw-r--r-- 1 jorge_torres jorge_torres 14562 Aug 13 10:21 /home/jorge_torres/Alex/clima-madrid-hoy.csv
===== Bienvenido a Madrid-Clima =====
Datos climatológicos guardados correctamente en /home/jorge_torres/Alex/clima-madrid-hoy.csv
/home/jorge_torres/Alex/get-weather.sh: line 13: /home/alex/Arquitectura/CityWeather/output.log: No such file or directory
-rw-r--r-- 1 jorge_torres jorge_torres 14748 Aug 13 10:22 /home/jorge_torres/Alex/clima-madrid-hoy.csv
===== Bienvenido a Madrid-Clima =====
Datos climatológicos guardados correctamente en /home/jorge_torres/Alex/clima-madrid-hoy.csv
/home/jorge_torres/Alex/get-weather.sh: line 13: /home/alex/Arquitectura/CityWeather/output.log: No such file or directory
-rw-r--r-- 1 jorge_torres jorge_torres 14934 Aug 13 10:23 /home/jorge_torres/Alex/clima-madrid-hoy.csv
===== Bienvenido a Madrid-Clima =====
Datos climatológicos guardados correctamente en /home/jorge_torres/Alex/clima-madrid-hoy.csv
/home/jorge_torres/Alex/get-weather.sh: line 13: /home/alex/Arquitectura/CityWeather/output.log: No such file or directory
-rw-r--r-- 1 jorge_torres jorge_torres 15120 Aug 13 10:24 /home/jorge_torres/Alex/clima-madrid-hoy.csv
===== Bienvenido a Madrid-Clima =====
Datos climatológicos guardados correctamente en /home/jorge_torres/Alex/clima-madrid-hoy.csv
/home/jorge_torres/Alex/get-weather.sh: line 13: /home/alex/Arquitectura/CityWeather/output.log: No such file or directory
-rw-r--r-- 1 jorge_torres jorge_torres 15306 Aug 13 10:25 /home/jorge_torres/Alex/clima-madrid-hoy.csv
===== Bienvenido a Madrid-Clima =====
Datos climatológicos guardados correctamente en /home/jorge_torres/Alex/clima-madrid-hoy.csv
/home/jorge_torres/Alex/get-weather.sh: line 13: /home/alex/Arquitectura/CityWeather/output.log: No such file or directory
-rw-r--r-- 1 jorge_torres jorge_torres 15492 Aug 13 10:26 /home/jorge_torres/Alex/clima-madrid-hoy.csv
===== Bienvenido a Madrid-Clima =====
Datos climatológicos guardados correctamente en /home/jorge_torres/Alex/clima-madrid-hoy.csv
/home/jorge_torres/Alex/get-weather.sh: line 13: /home/alex/Arquitectura/CityWeather/output.log: No such file or directory
-rw-r--r-- 1 jorge_torres jorge_torres 15678 Aug 13 10:27 /home/jorge_torres/Alex/clima-madrid-hoy.csv
===== Bienvenido a Madrid-Clima =====
Datos climatológicos guardados correctamente en /home/jorge_torres/Alex/clima-madrid-hoy.csv
/home/jorge_torres/Alex/get-weather.sh: line 13: /home/alex/Arquitectura/CityWeather/output.log: No such file or directory
-rw-r--r-- 1 jorge_torres jorge_torres 15864 Aug 13 10:28 /home/jorge_torres/Alex/clima-madrid-hoy.csv
===== Bienvenido a Madrid-Clima =====
Datos climatológicos guardados correctamente en /home/jorge_torres/Alex/clima-madrid-hoy.csv
/home/jorge_torres/Alex/get-weather.sh: line 13: /home/alex/Arquitectura/CityWeather/output.log: No such file or directory
-rw-r--r-- 1 jorge_torres jorge_torres 16050 Aug 13 10:29 /home/jorge_torres/Alex/clima-madrid-hoy.csv
===== Bienvenido a Madrid-Clima =====
Datos climatológicos guardados correctamente en /home/jorge_torres/Alex/clima-madrid-hoy.csv
/home/jorge_torres/Alex/get-weather.sh: line 13: /home/alex/Arquitectura/CityWeather/output.log: No such file or directory
-rw-r--r-- 1 jorge_torres jorge_torres 16236 Aug 13 10:30 /home/jorge_torres/Alex/clima-madrid-hoy.csv
===== Bienvenido a Madrid-Clima =====
Datos climatológicos guardados correctamente en /home/jorge_torres/Alex/clima-madrid-hoy.csv
/home/jorge_torres/Alex/get-weather.sh: line 13: /home/alex/Arquitectura/CityWeather/output.log: No such file or directory
-rw-r--r-- 1 jorge_torres jorge_torres 16422 Aug 13 10:31 /home/jorge_torres/Alex/clima-madrid-hoy.csv
===== Bienvenido a Madrid-Clima =====
Datos climatológicos guardados correctamente en /home/jorge_torres/Alex/clima-madrid-hoy.csv
/home/jorge_torres/Alex/get-weather.sh: line 13: /home/alex/Arquitectura/CityWeather/output.log: No such file or directory
-rw-r--r-- 1 jorge_torres jorge_torres 16608 Aug 13 10:32 /home/jorge_torres/Alex/clima-madrid-hoy.csv
===== Bienvenido a Madrid-Clima =====
Datos climatológicos guardados correctamente en /home/jorge_torres/Alex/clima-madrid-hoy.csv
/home/jorge_torres/Alex/get-weather.sh: line 13: /home/alex/Arquitectura/CityWeather/output.log: No such file or directory
-rw-r--r-- 1 jorge_torres jorge_torres 16794 Aug 13 10:33 /home/jorge_torres/Alex/clima-madrid-hoy.csv
===== Bienvenido a Madrid-Clima =====
Datos climatológicos guardados correctamente en /home/jorge_torres/Alex/clima-madrid-hoy.csv
/home/jorge_torres/Alex/get-weather.sh: line 13: /home/alex/Arquitectura/CityWeather/output.log: No such file or directory
-rw-r--r-- 1 jorge_torres jorge_torres 16980 Aug 13 10:34 /home/jorge_torres/Alex/clima-madrid-hoy.csv
===== Bienvenido a Madrid-Clima =====
Datos climatológicos guardados correctamente en /home/jorge_torres/Alex/clima-madrid-hoy.csv
/home/jorge_torres/Alex/get-weather.sh: line 13: /home/alex/Arquitectura/CityWeather/output.log: No such file or directory
-rw-r--r-- 1 jorge_torres jorge_torres 17166 Aug 13 10:35 /home/jorge_torres/Alex/clima-madrid-hoy.csv
===== Bienvenido a Madrid-Clima =====
Datos climatológicos guardados correctamente en /home/jorge_torres/Alex/clima-madrid-hoy.csv
/home/jorge_torres/Alex/get-weather.sh: line 13: /home/alex/Arquitectura/CityWeather/output.log: No such file or directory
-rw-r--r-- 1 jorge_torres jorge_torres 17352 Aug 13 10:36 /home/jorge_torres/Alex/clima-madrid-hoy.csv
===== Bienvenido a Madrid-Clima =====
Datos climatológicos guardados correctamente en /home/jorge_torres/Alex/clima-madrid-hoy.csv
/home/jorge_torres/Alex/get-weather.sh: line 13: /home/alex/Arquitectura/CityWeather/output.log: No such file or directory
-rw-r--r-- 1 jorge_torres jorge_torres 17538 Aug 13 10:37 /home/jorge_torres/Alex/clima-madrid-hoy.csv
===== Bienvenido a Madrid-Clima =====
Datos climatológicos guardados correctamente en /home/jorge_torres/Alex/clima-madrid-hoy.csv
/home/jorge_torres/Alex/get-weather.sh: line 13: /home/alex/Arquitectura/CityWeather/output.log: No such file or directory
-rw-r--r-- 1 jorge_torres jorge_torres 17724 Aug 13 10:38 /home/jorge_torres/Alex/clima-madrid-hoy.csv
===== Bienvenido a Madrid-Clima =====
Datos climatológicos guardados correctamente en /home/jorge_torres/Alex/clima-madrid-hoy.csv
/home/jorge_torres/Alex/get-weather.sh: line 13: /home/alex/Arquitectura/CityWeather/output.log: No such file or directory
-rw-r--r-- 1 jorge_torres jorge_torres 17910 Aug 13 10:39 /home/jorge_torres/Alex/clima-madrid-hoy.csv
===== Bienvenido a Madrid-Clima =====
Datos climatológicos guardados correctamente en /home/jorge_torres/Alex/clima-madrid-hoy.csv
/home/jorge_torres/Alex/get-weather.sh: line 13: /home/alex/Arquitectura/CityWeather/output.log: No such file or directory
-rw-r--r-- 1 jorge_torres jorge_torres 18096 Aug 13 10:40 /home/jorge_torres/Alex/clima-madrid-hoy.csv
===== Bienvenido a Madrid-Clima =====
Datos climatológicos guardados correctamente en /home/jorge_torres/Alex/clima-madrid-hoy.csv
/home/jorge_torres/Alex/get-weather.sh: line 13: /home/alex/Arquitectura/CityWeather/output.log: No such file or directory
-rw-r--r-- 1 jorge_torres jorge_torres 18282 Aug 13 10:41 /home/jorge_torres/Alex/clima-madrid-hoy.csv
===== Bienvenido a Madrid-Clima =====
Datos climatológicos guardados correctamente en /home/jorge_torres/Alex/clima-madrid-hoy.csv
/home/jorge_torres/Alex/get-weather.sh: line 13: /home/alex/Arquitectura/CityWeather/output.log: No such file or directory
-rw-r--r-- 1 jorge_torres jorge_torres 18467 Aug 13 10:42 /home/jorge_torres/Alex/clima-madrid-hoy.csv
===== Bienvenido a Madrid-Clima =====
Datos climatológicos guardados correctamente en /home/jorge_torres/Alex/clima-madrid-hoy.csv
/home/jorge_torres/Alex/get-weather.sh: line 13: /home/alex/Arquitectura/CityWeather/output.log: No such file or directory
-rw-r--r-- 1 jorge_torres jorge_torres 18652 Aug 13 10:43 /home/jorge_torres/Alex/clima-madrid-hoy.csv
===== Bienvenido a Madrid-Clima =====
Datos climatológicos guardados correctamente en /home/jorge_torres/Alex/clima-madrid-hoy.csv
/home/jorge_torres/Alex/get-weather.sh: line 13: /home/alex/Arquitectura/CityWeather/output.log: No such file or directory
-rw-r--r-- 1 jorge_torres jorge_torres 18837 Aug 13 10:44 /home/jorge_torres/Alex/clima-madrid-hoy.csv
===== Bienvenido a Madrid-Clima =====
Datos climatológicos guardados correctamente en /home/jorge_torres/Alex/clima-madrid-hoy.csv
/home/jorge_torres/Alex/get-weather.sh: line 13: /home/alex/Arquitectura/CityWeather/output.log: No such file or directory
-rw-r--r-- 1 jorge_torres jorge_torres 19022 Aug 13 10:45 /home/jorge_torres/Alex/clima-madrid-hoy.csv
===== Bienvenido a Madrid-Clima =====
Datos climatológicos guardados correctamente en /home/jorge_torres/Alex/clima-madrid-hoy.csv
/home/jorge_torres/Alex/get-weather.sh: line 13: /home/alex/Arquitectura/CityWeather/output.log: No such file or directory
-rw-r--r-- 1 jorge_torres jorge_torres 19207 Aug 13 10:46 /home/jorge_torres/Alex/clima-madrid-hoy.csv
===== Bienvenido a Madrid-Clima =====
Datos climatológicos guardados correctamente en /home/jorge_torres/Alex/clima-madrid-hoy.csv
/home/jorge_torres/Alex/get-weather.sh: line 13: /home/alex/Arquitectura/CityWeather/output.log: No such file or directory
-rw-r--r-- 1 jorge_torres jorge_torres 19392 Aug 13 10:47 /home/jorge_torres/Alex/clima-madrid-hoy.csv
===== Bienvenido a Madrid-Clima =====
Datos climatológicos guardados correctamente en /home/jorge_torres/Alex/clima-madrid-hoy.csv
/home/jorge_torres/Alex/get-weather.sh: line 13: /home/alex/Arquitectura/CityWeather/output.log: No such file or directory
-rw-r--r-- 1 jorge_torres jorge_torres 19578 Aug 13 10:48 /home/jorge_torres/Alex/clima-madrid-hoy.csv
===== Bienvenido a Madrid-Clima =====
Datos climatológicos guardados correctamente en /home/jorge_torres/Alex/clima-madrid-hoy.csv
/home/jorge_torres/Alex/get-weather.sh: line 13: /home/alex/Arquitectura/CityWeather/output.log: No such file or directory
-rw-r--r-- 1 jorge_torres jorge_torres 19763 Aug 13 10:49 /home/jorge_torres/Alex/clima-madrid-hoy.csv
===== Bienvenido a Madrid-Clima =====
Datos climatológicos guardados correctamente en /home/jorge_torres/Alex/clima-madrid-hoy.csv
/home/jorge_torres/Alex/get-weather.sh: line 13: /home/alex/Arquitectura/CityWeather/output.log: No such file or directory
-rw-r--r-- 1 jorge_torres jorge_torres 19948 Aug 13 10:50 /home/jorge_torres/Alex/clima-madrid-hoy.csv
===== Bienvenido a Madrid-Clima =====
Datos climatológicos guardados correctamente en /home/jorge_torres/Alex/clima-madrid-hoy.csv
/home/jorge_torres/Alex/get-weather.sh: line 13: /home/alex/Arquitectura/CityWeather/output.log: No such file or directory
-rw-r--r-- 1 jorge_torres jorge_torres 20133 Aug 13 10:51 /home/jorge_torres/Alex/clima-madrid-hoy.csv
===== Bienvenido a Madrid-Clima =====
Datos climatológicos guardados correctamente en /home/jorge_torres/Alex/clima-madrid-hoy.csv
/home/jorge_torres/Alex/get-weather.sh: line 13: /home/alex/Arquitectura/CityWeather/output.log: No such file or directory
-rw-r--r-- 1 jorge_torres jorge_torres 20318 Aug 13 10:52 /home/jorge_torres/Alex/clima-madrid-hoy.csv
===== Bienvenido a Madrid-Clima =====
Datos climatológicos guardados correctamente en /home/jorge_torres/Alex/clima-madrid-hoy.csv
/home/jorge_torres/Alex/get-weather.sh: line 13: /home/alex/Arquitectura/CityWeather/output.log: No such file or directory
-rw-r--r-- 1 jorge_torres jorge_torres 20504 Aug 13 10:53 /home/jorge_torres/Alex/clima-madrid-hoy.csv
===== Bienvenido a Madrid-Clima =====
Datos climatológicos guardados correctamente en /home/jorge_torres/Alex/clima-madrid-hoy.csv
/home/jorge_torres/Alex/get-weather.sh: line 13: /home/alex/Arquitectura/CityWeather/output.log: No such file or directory
-rw-r--r-- 1 jorge_torres jorge_torres 20690 Aug 13 10:54 /home/jorge_torres/Alex/clima-madrid-hoy.csv
===== Bienvenido a Madrid-Clima =====
Datos climatológicos guardados correctamente en /home/jorge_torres/Alex/clima-madrid-hoy.csv
/home/jorge_torres/Alex/get-weather.sh: line 13: /home/alex/Arquitectura/CityWeather/output.log: No such file or directory
-rw-r--r-- 1 jorge_torres jorge_torres 20876 Aug 13 10:55 /home/jorge_torres/Alex/clima-madrid-hoy.csv
===== Bienvenido a Madrid-Clima =====
Datos climatológicos guardados correctamente en /home/jorge_torres/Alex/clima-madrid-hoy.csv
/home/jorge_torres/Alex/get-weather.sh: line 13: /home/alex/Arquitectura/CityWeather/output.log: No such file or directory
-rw-r--r-- 1 jorge_torres jorge_torres 21062 Aug 13 10:56 /home/jorge_torres/Alex/clima-madrid-hoy.csv
===== Bienvenido a Madrid-Clima =====
Datos climatológicos guardados correctamente en /home/jorge_torres/Alex/clima-madrid-hoy.csv
/home/jorge_torres/Alex/get-weather.sh: line 13: /home/alex/Arquitectura/CityWeather/output.log: No such file or directory
-rw-r--r-- 1 jorge_torres jorge_torres 21248 Aug 13 10:57 /home/jorge_torres/Alex/clima-madrid-hoy.csv
===== Bienvenido a Madrid-Clima =====
Datos climatológicos guardados correctamente en /home/jorge_torres/Alex/clima-madrid-hoy.csv
/home/jorge_torres/Alex/get-weather.sh: line 13: /home/alex/Arquitectura/CityWeather/output.log: No such file or directory
-rw-r--r-- 1 jorge_torres jorge_torres 21446 Aug 13 11:00 /home/jorge_torres/Alex/clima-madrid-hoy.csv
===== Bienvenido a Madrid-Clima =====
Datos climatológicos guardados correctamente en /home/jorge_torres/Alex/clima-madrid-hoy.csv
/home/jorge_torres/Alex/get-weather.sh: line 13: /home/alex/Arquitectura/CityWeather/output.log: No such file or directory
-rw-r--r-- 1 jorge_torres jorge_torres 21632 Aug 13 11:15 /home/jorge_torres/Alex/clima-madrid-hoy.csv
===== Bienvenido a Madrid-Clima =====
Datos climatológicos guardados correctamente en /home/jorge_torres/Alex/clima-madrid-hoy.csv
/home/jorge_torres/Alex/get-weather.sh: line 13: /home/alex/Arquitectura/CityWeather/output.log: No such file or directory
-rw-r--r-- 1 jorge_torres jorge_torres 21815 Aug 13 11:30 /home/jorge_torres/Alex/clima-madrid-hoy.csv
===== Bienvenido a Madrid-Clima =====
Datos climatológicos guardados correctamente en /home/jorge_torres/Alex/clima-madrid-hoy.csv
/home/jorge_torres/Alex/get-weather.sh: line 13: /home/alex/Arquitectura/CityWeather/output.log: No such file or directory
-rw-r--r-- 1 jorge_torres jorge_torres 22001 Aug 13 11:45 /home/jorge_torres/Alex/clima-madrid-hoy.csv
===== Bienvenido a Madrid-Clima =====
Datos climatológicos guardados correctamente en /home/jorge_torres/Alex/clima-madrid-hoy.csv
/home/jorge_torres/Alex/get-weather.sh: line 13: /home/alex/Arquitectura/CityWeather/output.log: No such file or directory
-rw-r--r-- 1 jorge_torres jorge_torres 22199 Aug 13 12:00 /home/jorge_torres/Alex/clima-madrid-hoy.csv
===== Bienvenido a Madrid-Clima =====
Datos climatológicos guardados correctamente en /home/jorge_torres/Alex/clima-madrid-hoy.csv
/home/jorge_torres/Alex/get-weather.sh: line 13: /home/alex/Arquitectura/CityWeather/output.log: No such file or directory
-rw-r--r-- 1 jorge_torres jorge_torres 22387 Aug 13 12:15 /home/jorge_torres/Alex/clima-madrid-hoy.csv
===== Bienvenido a Madrid-Clima =====
Datos climatológicos guardados correctamente en /home/jorge_torres/Alex/clima-madrid-hoy.csv
/home/jorge_torres/Alex/get-weather.sh: line 13: /home/alex/Arquitectura/CityWeather/output.log: No such file or directory
-rw-r--r-- 1 jorge_torres jorge_torres 22586 Aug 13 12:30 /home/jorge_torres/Alex/clima-madrid-hoy.csv
===== Bienvenido a Madrid-Clima =====
Datos climatológicos guardados correctamente en /home/jorge_torres/Alex/clima-madrid-hoy.csv
/home/jorge_torres/Alex/get-weather.sh: line 13: /home/alex/Arquitectura/CityWeather/output.log: No such file or directory
-rw-r--r-- 1 jorge_torres jorge_torres 22774 Aug 13 12:45 /home/jorge_torres/Alex/clima-madrid-hoy.csv
===== Bienvenido a Madrid-Clima =====
Datos climatológicos guardados correctamente en /home/jorge_torres/Alex/clima-madrid-hoy.csv
/home/jorge_torres/Alex/get-weather.sh: line 13: /home/alex/Arquitectura/CityWeather/output.log: No such file or directory
-rw-r--r-- 1 jorge_torres jorge_torres 22962 Aug 13 13:00 /home/jorge_torres/Alex/clima-madrid-hoy.csv
===== Bienvenido a Madrid-Clima =====
Datos climatológicos guardados correctamente en /home/jorge_torres/Alex/clima-madrid-hoy.csv
/home/jorge_torres/Alex/get-weather.sh: line 13: /home/alex/Arquitectura/CityWeather/output.log: No such file or directory
-rw-r--r-- 1 jorge_torres jorge_torres 23160 Aug 13 13:15 /home/jorge_torres/Alex/clima-madrid-hoy.csv
===== Bienvenido a Madrid-Clima =====
Datos climatológicos guardados correctamente en /home/jorge_torres/Alex/clima-madrid-hoy.csv
/home/jorge_torres/Alex/get-weather.sh: line 13: /home/alex/Arquitectura/CityWeather/output.log: No such file or directory
-rw-r--r-- 1 jorge_torres jorge_torres 23343 Aug 13 17:15 /home/jorge_torres/Alex/clima-madrid-hoy.csv
===== Bienvenido a Madrid-Clima =====
Datos climatológicos guardados correctamente en /home/jorge_torres/Alex/clima-madrid-hoy.csv
/home/jorge_torres/Alex/get-weather.sh: line 13: /home/alex/Arquitectura/CityWeather/output.log: No such file or directory
-rw-r--r-- 1 jorge_torres jorge_torres 23528 Aug 13 17:30 /home/jorge_torres/Alex/clima-madrid-hoy.csv
===== Bienvenido a Madrid-Clima =====
Datos climatológicos guardados correctamente en /home/jorge_torres/Alex/clima-madrid-hoy.csv
/home/jorge_torres/Alex/get-weather.sh: line 13: /home/alex/Arquitectura/CityWeather/output.log: No such file or directory
-rw-r--r-- 1 jorge_torres jorge_torres 23713 Aug 13 17:45 /home/jorge_torres/Alex/clima-madrid-hoy.csv
===== Bienvenido a Madrid-Clima =====
Datos climatológicos guardados correctamente en /home/jorge_torres/Alex/clima-madrid-hoy.csv
/home/jorge_torres/Alex/get-weather.sh: line 13: /home/alex/Arquitectura/CityWeather/output.log: No such file or directory
-rw-r--r-- 1 jorge_torres jorge_torres 23898 Aug 13 18:00 /home/jorge_torres/Alex/clima-madrid-hoy.csv
===== Bienvenido a Madrid-Clima =====
Datos climatológicos guardados correctamente en /home/jorge_torres/Alex/clima-madrid-hoy.csv
/home/jorge_torres/Alex/get-weather.sh: line 13: /home/alex/Arquitectura/CityWeather/output.log: No such file or directory
-rw-r--r-- 1 jorge_torres jorge_torres 24085 Aug 13 18:15 /home/jorge_torres/Alex/clima-madrid-hoy.csv
===== Bienvenido a Madrid-Clima =====
Datos climatológicos guardados correctamente en /home/jorge_torres/Alex/clima-madrid-hoy.csv
/home/jorge_torres/Alex/get-weather.sh: line 13: /home/alex/Arquitectura/CityWeather/output.log: No such file or directory
-rw-r--r-- 1 jorge_torres jorge_torres 24265 Aug 13 18:30 /home/jorge_torres/Alex/clima-madrid-hoy.csv
===== Bienvenido a Madrid-Clima =====
Datos climatológicos guardados correctamente en /home/jorge_torres/Alex/clima-madrid-hoy.csv
/home/jorge_torres/Alex/get-weather.sh: line 13: /home/alex/Arquitectura/CityWeather/output.log: No such file or directory
-rw-r--r-- 1 jorge_torres jorge_torres 24452 Aug 13 18:45 /home/jorge_torres/Alex/clima-madrid-hoy.csv
===== Bienvenido a Madrid-Clima =====
Datos climatológicos guardados correctamente en /home/jorge_torres/Alex/clima-madrid-hoy.csv
/home/jorge_torres/Alex/get-weather.sh: line 13: /home/alex/Arquitectura/CityWeather/output.log: No such file or directory
-rw-r--r-- 1 jorge_torres jorge_torres 24651 Aug 13 19:00 /home/jorge_torres/Alex/clima-madrid-hoy.csv
===== Bienvenido a Madrid-Clima =====
Datos climatológicos guardados correctamente en /home/jorge_torres/Alex/clima-madrid-hoy.csv
/home/jorge_torres/Alex/get-weather.sh: line 13: /home/alex/Arquitectura/CityWeather/output.log: No such file or directory
-rw-r--r-- 1 jorge_torres jorge_torres 24836 Aug 13 19:15 /home/jorge_torres/Alex/clima-madrid-hoy.csv
===== Bienvenido a Madrid-Clima =====
Datos climatológicos guardados correctamente en /home/jorge_torres/Alex/clima-madrid-hoy.csv
/home/jorge_torres/Alex/get-weather.sh: line 13: /home/alex/Arquitectura/CityWeather/output.log: No such file or directory
-rw-r--r-- 1 jorge_torres jorge_torres 25021 Aug 13 19:30 /home/jorge_torres/Alex/clima-madrid-hoy.csv
===== Bienvenido a Madrid-Clima =====
Datos climatológicos guardados correctamente en /home/jorge_torres/Alex/clima-madrid-hoy.csv
/home/jorge_torres/Alex/get-weather.sh: line 13: /home/alex/Arquitectura/CityWeather/output.log: No such file or directory
-rw-r--r-- 1 jorge_torres jorge_torres 25206 Aug 13 19:45 /home/jorge_torres/Alex/clima-madrid-hoy.csv
===== Bienvenido a Madrid-Clima =====
Datos climatológicos guardados correctamente en /home/jorge_torres/Alex/clima-madrid-hoy.csv
/home/jorge_torres/Alex/get-weather.sh: line 13: /home/alex/Arquitectura/CityWeather/output.log: No such file or directory
-rw-r--r-- 1 jorge_torres jorge_torres 25403 Aug 13 20:00 /home/jorge_torres/Alex/clima-madrid-hoy.csv
===== Bienvenido a Madrid-Clima =====
Datos climatológicos guardados correctamente en /home/jorge_torres/Alex/clima-madrid-hoy.csv
/home/jorge_torres/Alex/get-weather.sh: line 13: /home/alex/Arquitectura/CityWeather/output.log: No such file or directory
-rw-r--r-- 1 jorge_torres jorge_torres 25588 Aug 13 20:15 /home/jorge_torres/Alex/clima-madrid-hoy.csv
===== Bienvenido a Madrid-Clima =====
Datos climatológicos guardados correctamente en /home/jorge_torres/Alex/clima-madrid-hoy.csv
/home/jorge_torres/Alex/get-weather.sh: line 13: /home/alex/Arquitectura/CityWeather/output.log: No such file or directory
-rw-r--r-- 1 jorge_torres jorge_torres 25773 Aug 13 20:45 /home/jorge_torres/Alex/clima-madrid-hoy.csv
===== Bienvenido a Madrid-Clima =====
Datos climatológicos guardados correctamente en /home/jorge_torres/Alex/clima-madrid-hoy.csv
/home/jorge_torres/Alex/get-weather.sh: line 13: /home/alex/Arquitectura/CityWeather/output.log: No such file or directory
-rw-r--r-- 1 jorge_torres jorge_torres 25960 Aug 13 21:00 /home/jorge_torres/Alex/clima-madrid-hoy.csv
===== Bienvenido a Madrid-Clima =====
Datos climatológicos guardados correctamente en /home/jorge_torres/Alex/clima-madrid-hoy.csv
/home/jorge_torres/Alex/get-weather.sh: line 13: /home/alex/Arquitectura/CityWeather/output.log: No such file or directory
-rw-r--r-- 1 jorge_torres jorge_torres 26147 Aug 13 21:15 /home/jorge_torres/Alex/clima-madrid-hoy.csv
===== Bienvenido a Madrid-Clima =====
Datos climatológicos guardados correctamente en /home/jorge_torres/Alex/clima-madrid-hoy.csv
/home/jorge_torres/Alex/get-weather.sh: line 13: /home/alex/Arquitectura/CityWeather/output.log: No such file or directory
-rw-r--r-- 1 jorge_torres jorge_torres 26334 Aug 13 21:30 /home/jorge_torres/Alex/clima-madrid-hoy.csv
===== Bienvenido a Madrid-Clima =====
Datos climatológicos guardados correctamente en /home/jorge_torres/Alex/clima-madrid-hoy.csv
/home/jorge_torres/Alex/get-weather.sh: line 13: /home/alex/Arquitectura/CityWeather/output.log: No such file or directory
-rw-r--r-- 1 jorge_torres jorge_torres 26517 Aug 13 21:45 /home/jorge_torres/Alex/clima-madrid-hoy.csv
===== Bienvenido a Madrid-Clima =====
Datos climatológicos guardados correctamente en /home/jorge_torres/Alex/clima-madrid-hoy.csv
/home/jorge_torres/Alex/get-weather.sh: line 13: /home/alex/Arquitectura/CityWeather/output.log: No such file or directory
-rw-r--r-- 1 jorge_torres jorge_torres 26704 Aug 13 22:00 /home/jorge_torres/Alex/clima-madrid-hoy.csv
===== Bienvenido a Madrid-Clima =====
Datos climatológicos guardados correctamente en /home/jorge_torres/Alex/clima-madrid-hoy.csv
/home/jorge_torres/Alex/get-weather.sh: line 13: /home/alex/Arquitectura/CityWeather/output.log: No such file or directory
-rw-r--r-- 1 jorge_torres jorge_torres 26891 Aug 13 22:15 /home/jorge_torres/Alex/clima-madrid-hoy.csv
===== Bienvenido a Madrid-Clima =====
Datos climatológicos guardados correctamente en /home/jorge_torres/Alex/clima-madrid-hoy.csv
/home/jorge_torres/Alex/get-weather.sh: line 13: /home/alex/Arquitectura/CityWeather/output.log: No such file or directory
-rw-r--r-- 1 jorge_torres jorge_torres 27089 Aug 13 22:30 /home/jorge_torres/Alex/clima-madrid-hoy.csv
===== Bienvenido a Madrid-Clima =====
Datos climatológicos guardados correctamente en /home/jorge_torres/Alex/clima-madrid-hoy.csv
/home/jorge_torres/Alex/get-weather.sh: line 13: /home/alex/Arquitectura/CityWeather/output.log: No such file or directory
-rw-r--r-- 1 jorge_torres jorge_torres 27270 Aug 13 22:45 /home/jorge_torres/Alex/clima-madrid-hoy.csv
===== Bienvenido a Madrid-Clima =====
Datos climatológicos guardados correctamente en /home/jorge_torres/Alex/clima-madrid-hoy.csv
/home/jorge_torres/Alex/get-weather.sh: line 13: /home/alex/Arquitectura/CityWeather/output.log: No such file or directory
-rw-r--r-- 1 jorge_torres jorge_torres 27467 Aug 13 23:00 /home/jorge_torres/Alex/clima-madrid-hoy.csv
===== Bienvenido a Madrid-Clima =====
Datos climatológicos guardados correctamente en /home/jorge_torres/Alex/clima-madrid-hoy.csv
/home/jorge_torres/Alex/get-weather.sh: line 13: /home/alex/Arquitectura/CityWeather/output.log: No such file or directory
-rw-r--r-- 1 jorge_torres jorge_torres 27652 Aug 13 23:15 /home/jorge_torres/Alex/clima-madrid-hoy.csv
===== Bienvenido a Madrid-Clima =====
Datos climatológicos guardados correctamente en /home/jorge_torres/Alex/clima-madrid-hoy.csv
/home/jorge_torres/Alex/get-weather.sh: line 13: /home/alex/Arquitectura/CityWeather/output.log: No such file or directory
-rw-r--r-- 1 jorge_torres jorge_torres 27839 Aug 13 23:30 /home/jorge_torres/Alex/clima-madrid-hoy.csv
===== Bienvenido a Madrid-Clima =====
Datos climatológicos guardados correctamente en /home/jorge_torres/Alex/clima-madrid-hoy.csv
/home/jorge_torres/Alex/get-weather.sh: line 13: /home/alex/Arquitectura/CityWeather/output.log: No such file or directory
-rw-r--r-- 1 jorge_torres jorge_torres 28026 Aug 13 23:45 /home/jorge_torres/Alex/clima-madrid-hoy.csv
===== Bienvenido a Madrid-Clima =====
Datos climatológicos guardados correctamente en /home/jorge_torres/Alex/clima-madrid-hoy.csv
/home/jorge_torres/Alex/get-weather.sh: line 13: /home/alex/Arquitectura/CityWeather/output.log: No such file or directory
-rw-r--r-- 1 jorge_torres jorge_torres 28213 Aug 14 00:00 /home/jorge_torres/Alex/clima-madrid-hoy.csv
===== Bienvenido a Madrid-Clima =====
Datos climatológicos guardados correctamente en /home/jorge_torres/Alex/clima-madrid-hoy.csv
/home/jorge_torres/Alex/get-weather.sh: line 13: /home/alex/Arquitectura/CityWeather/output.log: No such file or directory
-rw-r--r-- 1 jorge_torres jorge_torres 28412 Aug 14 00:15 /home/jorge_torres/Alex/clima-madrid-hoy.csv
===== Bienvenido a Madrid-Clima =====
Datos climatológicos guardados correctamente en /home/jorge_torres/Alex/clima-madrid-hoy.csv
/home/jorge_torres/Alex/get-weather.sh: line 13: /home/alex/Arquitectura/CityWeather/output.log: No such file or directory
-rw-r--r-- 1 jorge_torres jorge_torres 28599 Aug 14 00:30 /home/jorge_torres/Alex/clima-madrid-hoy.csv
===== Bienvenido a Madrid-Clima =====
Datos climatológicos guardados correctamente en /home/jorge_torres/Alex/clima-madrid-hoy.csv
/home/jorge_torres/Alex/get-weather.sh: line 13: /home/alex/Arquitectura/CityWeather/output.log: No such file or directory
-rw-r--r-- 1 jorge_torres jorge_torres 28784 Aug 14 00:45 /home/jorge_torres/Alex/clima-madrid-hoy.csv
===== Bienvenido a Madrid-Clima =====
Datos climatológicos guardados correctamente en /home/jorge_torres/Alex/clima-madrid-hoy.csv
/home/jorge_torres/Alex/get-weather.sh: line 13: /home/alex/Arquitectura/CityWeather/output.log: No such file or directory
-rw-r--r-- 1 jorge_torres jorge_torres 28965 Aug 14 01:00 /home/jorge_torres/Alex/clima-madrid-hoy.csv
===== Bienvenido a Madrid-Clima =====
Datos climatológicos guardados correctamente en /home/jorge_torres/Alex/clima-madrid-hoy.csv
/home/jorge_torres/Alex/get-weather.sh: line 13: /home/alex/Arquitectura/CityWeather/output.log: No such file or directory
-rw-r--r-- 1 jorge_torres jorge_torres 29150 Aug 14 01:15 /home/jorge_torres/Alex/clima-madrid-hoy.csv
===== Bienvenido a Madrid-Clima =====
Datos climatológicos guardados correctamente en /home/jorge_torres/Alex/clima-madrid-hoy.csv
/home/jorge_torres/Alex/get-weather.sh: line 13: /home/alex/Arquitectura/CityWeather/output.log: No such file or directory
-rw-r--r-- 1 jorge_torres jorge_torres 29337 Aug 14 01:30 /home/jorge_torres/Alex/clima-madrid-hoy.csv
===== Bienvenido a Madrid-Clima =====
Datos climatológicos guardados correctamente en /home/jorge_torres/Alex/clima-madrid-hoy.csv
/home/jorge_torres/Alex/get-weather.sh: line 13: /home/alex/Arquitectura/CityWeather/output.log: No such file or directory
-rw-r--r-- 1 jorge_torres jorge_torres 29523 Aug 14 01:45 /home/jorge_torres/Alex/clima-madrid-hoy.csv
===== Bienvenido a Madrid-Clima =====
Datos climatológicos guardados correctamente en /home/jorge_torres/Alex/clima-madrid-hoy.csv
/home/jorge_torres/Alex/get-weather.sh: line 13: /home/alex/Arquitectura/CityWeather/output.log: No such file or directory
-rw-r--r-- 1 jorge_torres jorge_torres 29706 Aug 14 02:00 /home/jorge_torres/Alex/clima-madrid-hoy.csv
===== Bienvenido a Madrid-Clima =====
Datos climatológicos guardados correctamente en /home/jorge_torres/Alex/clima-madrid-hoy.csv
/home/jorge_torres/Alex/get-weather.sh: line 13: /home/alex/Arquitectura/CityWeather/output.log: No such file or directory
-rw-r--r-- 1 jorge_torres jorge_torres 29893 Aug 14 02:15 /home/jorge_torres/Alex/clima-madrid-hoy.csv
===== Bienvenido a Madrid-Clima =====
Datos climatológicos guardados correctamente en /home/jorge_torres/Alex/clima-madrid-hoy.csv
/home/jorge_torres/Alex/get-weather.sh: line 13: /home/alex/Arquitectura/CityWeather/output.log: No such file or directory
-rw-r--r-- 1 jorge_torres jorge_torres 30080 Aug 14 02:30 /home/jorge_torres/Alex/clima-madrid-hoy.csv
===== Bienvenido a Madrid-Clima =====
Datos climatológicos guardados correctamente en /home/jorge_torres/Alex/clima-madrid-hoy.csv
/home/jorge_torres/Alex/get-weather.sh: line 13: /home/alex/Arquitectura/CityWeather/output.log: No such file or directory
-rw-r--r-- 1 jorge_torres jorge_torres 30267 Aug 14 02:45 /home/jorge_torres/Alex/clima-madrid-hoy.csv
===== Bienvenido a Madrid-Clima =====
Datos climatológicos guardados correctamente en /home/jorge_torres/Alex/clima-madrid-hoy.csv
/home/jorge_torres/Alex/get-weather.sh: line 13: /home/alex/Arquitectura/CityWeather/output.log: No such file or directory
-rw-r--r-- 1 jorge_torres jorge_torres 30457 Aug 14 07:30 /home/jorge_torres/Alex/clima-madrid-hoy.csv
===== Bienvenido a Madrid-Clima =====
Datos climatológicos guardados correctamente en /home/jorge_torres/Alex/clima-madrid-hoy.csv
/home/jorge_torres/Alex/get-weather.sh: line 13: /home/alex/Arquitectura/CityWeather/output.log: No such file or directory
-rw-r--r-- 1 jorge_torres jorge_torres 30650 Aug 14 07:45 /home/jorge_torres/Alex/clima-madrid-hoy.csv
===== Bienvenido a Madrid-Clima =====
Datos climatológicos guardados correctamente en /home/jorge_torres/Alex/clima-madrid-hoy.csv
/home/jorge_torres/Alex/get-weather.sh: line 13: /home/alex/Arquitectura/CityWeather/output.log: No such file or directory
-rw-r--r-- 1 jorge_torres jorge_torres 30845 Aug 14 08:00 /home/jorge_torres/Alex/clima-madrid-hoy.csv
===== Bienvenido a Madrid-Clima =====
Datos climatológicos guardados correctamente en /home/jorge_torres/Alex/clima-madrid-hoy.csv
/home/jorge_torres/Alex/get-weather.sh: line 13: /home/alex/Arquitectura/CityWeather/output.log: No such file or directory
-rw-r--r-- 1 jorge_torres jorge_torres 31040 Aug 14 08:15 /home/jorge_torres/Alex/clima-madrid-hoy.csv
===== Bienvenido a Madrid-Clima =====
Datos climatológicos guardados correctamente en /home/jorge_torres/Alex/clima-madrid-hoy.csv
/home/jorge_torres/Alex/get-weather.sh: line 13: /home/alex/Arquitectura/CityWeather/output.log: No such file or directory
-rw-r--r-- 1 jorge_torres jorge_torres 31227 Aug 14 08:30 /home/jorge_torres/Alex/clima-madrid-hoy.csv
-rw-r--r-- 1 jorge_torres jorge_torres 31422 Aug 14 09:10 /home/jorge_torres/Alex/clima-madrid-hoy.csv
Verificando archivo clima-madrid-hoy.csv a las Wed Aug 14 09:11:58 -05 2024
-rw-r--r-- 1 jorge_torres jorge_torres 31617 Aug 14 09:11 /home/jorge_torres/Alex/clima-madrid-hoy.csv
===== Bienvenido a Madrid-Clima =====
Datos climatológicos guardados correctamente en /home/jorge_torres/Alex/clima-madrid-hoy.csv
Verificando archivo clima-madrid-hoy.csv a las Wed Aug 14 09:15:03 -05 2024
-rw-r--r-- 1 jorge_torres jorge_torres 31812 Aug 14 09:15 /home/jorge_torres/Alex/clima-madrid-hoy.csv
===== Bienvenido a Madrid-Clima =====
Datos climatológicos guardados correctamente en /home/jorge_torres/Alex/clima-madrid-hoy.csv
Verificando archivo clima-madrid-hoy.csv a las Wed Aug 14 09:30:02 -05 2024
-rw-r--r-- 1 jorge_torres jorge_torres 32006 Aug 14 09:30 /home/jorge_torres/Alex/clima-madrid-hoy.csv
===== Bienvenido a Madrid-Clima =====
Datos climatológicos guardados correctamente en /home/jorge_torres/Alex/clima-madrid-hoy.csv
Verificando archivo clima-madrid-hoy.csv a las Wed Aug 14 09:45:03 -05 2024
-rw-r--r-- 1 jorge_torres jorge_torres 32197 Aug 14 09:45 /home/jorge_torres/Alex/clima-madrid-hoy.csv
===== Bienvenido a Madrid-Clima =====
Datos climatológicos guardados correctamente en /home/jorge_torres/Alex/clima-madrid-hoy.csv
Verificando archivo clima-madrid-hoy.csv a las Wed Aug 14 10:00:02 -05 2024
-rw-r--r-- 1 jorge_torres jorge_torres 32389 Aug 14 10:00 /home/jorge_torres/Alex/clima-madrid-hoy.csv
===== Bienvenido a Madrid-Clima =====
Datos climatológicos guardados correctamente en /home/jorge_torres/Alex/clima-madrid-hoy.csv
Verificando archivo clima-madrid-hoy.csv a las Wed Aug 14 10:15:02 -05 2024
-rw-r--r-- 1 jorge_torres jorge_torres 32585 Aug 14 10:15 /home/jorge_torres/Alex/clima-madrid-hoy.csv
===== Bienvenido a Madrid-Clima =====
Datos climatológicos guardados correctamente en /home/jorge_torres/Alex/clima-madrid-hoy.csv
Verificando archivo clima-madrid-hoy.csv a las Wed Aug 14 10:30:02 -05 2024
-rw-r--r-- 1 jorge_torres jorge_torres 32782 Aug 14 10:30 /home/jorge_torres/Alex/clima-madrid-hoy.csv
Verificando archivo clima-madrid-hoy.csv a las Wed Aug 14 10:38:31 -05 2024
-rw-r--r-- 1 jorge_torres jorge_torres 33176 Aug 14 10:38 /home/jorge_torres/Alex/clima-madrid-hoy.csv
Verificando archivo clima-madrid-hoy.csv a las Wed Aug 14 10:42:45 -05 2024
-rw-r--r-- 1 jorge_torres jorge_torres 33364 Aug 14 10:42 /home/jorge_torres/Alex/clima-madrid-hoy.csv
